-------------------------------------------------------------------------------
Test set: com.tripadvisor.selenium.TripAdvisorTest
-------------------------------------------------------------------------------
Tests run: 1, Failures: 1, Errors: 0, Skipped: 0, Time elapsed: 0.065 sec <<< FAILURE!
com.tripadvisor.selenium.TripAdvisorTest.testTabFlightsExits()  Time elapsed: 0.062 sec  <<< FAILURE!
java.lang.NoClassDefFoundError: org/junit/Assert
	at io.ddavison.conductor.Locomotive.validatePresent(Locomotive.java:625)
	at io.ddavison.conductor.Locomotive.validatePresent(Locomotive.java:615)
	at com.tripadvisor.selenium.TripAdvisorTest.testTabFlightsExits(TripAdvisorTest.java:20)
Caused by: java.lang.ClassNotFoundException: org.junit.Assert
	at java.net.URLClassLoader$1.run(URLClassLoader.java:366)
	at java.net.URLClassLoader$1.run(URLClassLoader.java:355)
	at java.security.AccessController.doPrivileged(Native Method)
	at java.net.URLClassLoader.findClass(URLClassLoader.java:354)
	at java.lang.ClassLoader.loadClass(ClassLoader.java:425)
	at sun.misc.Launcher$AppClassLoader.loadClass(Launcher.java:308)
	at java.lang.ClassLoader.loadClass(ClassLoader.java:358)
	... 21 more

